<?xml version="1.0" encoding="UTF-8"?>
<testsuite xmlns:xsi="http://www.w3.org/2001/XMLSchema-instance" xsi:noNamespaceSchemaLocation="https://maven.apache.org/surefire/maven-surefire-plugin/xsd/surefire-test-report.xsd" name="TestRunners.AmazonTestRunner" time="6.586" tests="3" errors="0" skipped="0" failures="0">
  <properties>
[...]
</properties>
  <testcase name="Search a Product" classname="AmazonSearch" time="0.354"/>
  <testcase name="Booking cab" classname="Uber Booking feature" time="0.069"/>
  <testcase name="Booking bus" classname="Uber Booking feature" time="0.036"/>
</testsuite>